#
# There is insufficient memory for the Java Runtime Environment to continue.
# Native memory allocation (malloc) failed to allocate 1046496 bytes for Chunk::new
# Possible reasons:
#   The system is out of physical RAM or swap space
#   The process is running with CompressedOops enabled, and the Java Heap may be blocking the growth of the native heap
# Possible solutions:
#   Reduce memory load on the system
#   Increase physical memory or swap space
#   Check if swap backing store is full
#   Decrease Java heap size (-Xmx/-Xms)
#   Decrease number of Java threads
#   Decrease Java thread stack sizes (-Xss)
#   Set larger code cache with -XX:ReservedCodeCacheSize=
#   JVM is running with Zero Based Compressed Oops mode in which the Java heap is
#     placed in the first 32GB address space. The Java Heap base address is the
#     maximum limit for the native heap growth. Please use -XX:HeapBaseMinAddress
#     to set the Java Heap base and to place the Java Heap above 32GB virtual address.
# This output file may be truncated or incomplete.
#
#  Out of Memory Error (allocation.cpp:389), pid=25140, tid=0x0000000000000420
#
# JRE version: Java(TM) SE Runtime Environment (8.0_361) (build 1.8.0_361-b09)
# Java VM: Java HotSpot(TM) 64-Bit Server VM (25.361-b09 mixed mode windows-amd64 compressed oops)
# Failed to write core dump. Minidumps are not enabled by default on client versions of Windows
#

---------------  T H R E A D  ---------------

Current thread (0x000002c5acc51000):  JavaThread "C2 CompilerThread1" daemon [_thread_in_native, id=1056, stack(0x000000dd7b300000,0x000000dd7b400000)]

Stack: [0x000000dd7b300000,0x000000dd7b400000]
Native frames: (J=compiled Java code, j=interpreted, Vv=VM code, C=native code)
V  [jvm.dll+0x3317a9]
V  [jvm.dll+0x277c4e]
V  [jvm.dll+0x27888d]
V  [jvm.dll+0x26f0d5]
V  [jvm.dll+0xd590c]
V  [jvm.dll+0xd610c]
V  [jvm.dll+0x455cd2]
V  [jvm.dll+0x490d8d]
V  [jvm.dll+0x445911]
V  [jvm.dll+0x442abb]
V  [jvm.dll+0x42d98b]
V  [jvm.dll+0xac70b]
V  [jvm.dll+0xaad6b]
V  [jvm.dll+0x23ffb2]
V  [jvm.dll+0x294a5c]
C  [ucrtbase.dll+0x21bb2]
C  [KERNEL32.DLL+0x17344]
C  [ntdll.dll+0x526b1]


Current CompileTask:
C2:   4933 4156       4       java.net.URLClassLoader$1::run (5 bytes)


---------------  P R O C E S S  ---------------

Java Threads: ( => current thread )
  0x000002c5add5e000 JavaThread "container-0" [_thread_blocked, id=19108, stack(0x000000dd7c600000,0x000000dd7c700000)]
  0x000002c5add5d800 JavaThread "Catalina-utility-2" [_thread_blocked, id=19560, stack(0x000000dd7c500000,0x000000dd7c600000)]
  0x000002c5add5b000 JavaThread "Catalina-utility-1" [_thread_blocked, id=18816, stack(0x000000dd7c400000,0x000000dd7c500000)]
  0x000002c5add59800 JavaThread "HikariPool-1 connection adder" daemon [_thread_blocked, id=16796, stack(0x000000dd7c300000,0x000000dd7c400000)]
  0x000002c5add5c000 JavaThread "HikariPool-1 housekeeper" daemon [_thread_blocked, id=2312, stack(0x000000dd7c200000,0x000000dd7c300000)]
  0x000002c5ae479800 JavaThread "restartedMain" [_thread_in_native, id=29272, stack(0x000000dd7c100000,0x000000dd7c200000)]
  0x000002c5ae6e4000 JavaThread "Thread-0" [_thread_blocked, id=25228, stack(0x000000dd7c000000,0x000000dd7c100000)]
  0x000002c5adde6000 JavaThread "Service Thread" daemon [_thread_blocked, id=10060, stack(0x000000dd7be00000,0x000000dd7bf00000)]
  0x000002c5add58000 JavaThread "C1 CompilerThread11" daemon [_thread_blocked, id=13440, stack(0x000000dd7bd00000,0x000000dd7be00000)]
  0x000002c5add5a800 JavaThread "C1 CompilerThread10" daemon [_thread_blocked, id=29060, stack(0x000000dd7bc00000,0x000000dd7bd00000)]
  0x000002c5add59000 JavaThread "C1 CompilerThread9" daemon [_thread_blocked, id=28816, stack(0x000000dd7bb00000,0x000000dd7bc00000)]
  0x000002c5add5c800 JavaThread "C1 CompilerThread8" daemon [_thread_blocked, id=29560, stack(0x000000dd7ba00000,0x000000dd7bb00000)]
  0x000002c5add44800 JavaThread "C2 CompilerThread7" daemon [_thread_blocked, id=13116, stack(0x000000dd7b900000,0x000000dd7ba00000)]
  0x000002c5add09000 JavaThread "C2 CompilerThread6" daemon [_thread_blocked, id=18792, stack(0x000000dd7b800000,0x000000dd7b900000)]
  0x000002c5adcf8000 JavaThread "C2 CompilerThread5" daemon [_thread_in_native, id=24156, stack(0x000000dd7b700000,0x000000dd7b800000)]
  0x000002c5acc5c000 JavaThread "C2 CompilerThread4" daemon [_thread_in_native, id=10024, stack(0x000000dd7b600000,0x000000dd7b700000)]
  0x000002c5acc59000 JavaThread "C2 CompilerThread3" daemon [_thread_in_native, id=30300, stack(0x000000dd7b500000,0x000000dd7b600000)]
  0x000002c5acc52000 JavaThread "C2 CompilerThread2" daemon [_thread_blocked, id=19468, stack(0x000000dd7b400000,0x000000dd7b500000)]
=>0x000002c5acc51000 JavaThread "C2 CompilerThread1" daemon [_thread_in_native, id=1056, stack(0x000000dd7b300000,0x000000dd7b400000)]
  0x000002c5acc50000 JavaThread "C2 CompilerThread0" daemon [_thread_blocked, id=25852, stack(0x000000dd7b200000,0x000000dd7b300000)]
  0x000002c5adcb8800 JavaThread "Monitor Ctrl-Break" daemon [_thread_in_native, id=1744, stack(0x000000dd7b100000,0x000000dd7b200000)]
  0x000002c5ac8bb800 JavaThread "Attach Listener" daemon [_thread_blocked, id=3876, stack(0x000000dd7b000000,0x000000dd7b100000)]
  0x000002c5ac8b8800 JavaThread "Signal Dispatcher" daemon [_thread_blocked, id=2924, stack(0x000000dd7af00000,0x000000dd7b000000)]
  0x000002c5aab9a000 JavaThread "Finalizer" daemon [_thread_blocked, id=30604, stack(0x000000dd7ae00000,0x000000dd7af00000)]
  0x000002c5ac8a2000 JavaThread "Reference Handler" daemon [_thread_blocked, id=6496, stack(0x000000dd7ad00000,0x000000dd7ae00000)]
  0x000002c5901a4000 JavaThread "main" [_thread_blocked, id=29048, stack(0x000000dd79e00000,0x000000dd79f00000)]

Other Threads:
  0x000002c5ac881800 VMThread [stack: 0x000000dd7ac00000,0x000000dd7ad00000] [id=27100]
  0x000002c5addd9800 WatcherThread [stack: 0x000000dd7bf00000,0x000000dd7c000000] [id=12564]

VM state:not at safepoint (normal execution)

VM Mutex/Monitor currently owned by a thread: None

heap address: 0x00000006ca400000, size: 3932 MB, Compressed Oops mode: Zero based, Oop shift amount: 3
Narrow klass base: 0x0000000000000000, Narrow klass shift: 3
Compressed class space size: 1073741824 Address: 0x00000007c0000000

Heap:
 PSYoungGen      total 153088K, used 119961K [0x000000076e180000, 0x000000077b480000, 0x00000007c0000000)
  eden space 140800K, 85% used [0x000000076e180000,0x00000007756a6550,0x0000000776b00000)
  from space 12288K, 0% used [0x0000000777880000,0x0000000777880000,0x0000000778480000)
  to   space 13824K, 0% used [0x0000000776b00000,0x0000000776b00000,0x0000000777880000)
 ParOldGen       total 101376K, used 15087K [0x00000006ca400000, 0x00000006d0700000, 0x000000076e180000)
  object space 101376K, 14% used [0x00000006ca400000,0x00000006cb2bbff0,0x00000006d0700000)
 Metaspace       used 47249K, capacity 49686K, committed 49752K, reserved 1091584K
  class space    used 6288K, capacity 6748K, committed 6784K, reserved 1048576K

Card table byte_map: [0x000002c5a0f10000,0x000002c5a16c0000] byte_map_base: 0x000002c59d8be000

Marking Bits: (ParMarkBitMap*) 0x000000005f02b090
 Begin Bits: [0x000002c5a1be0000, 0x000002c5a5950000)
 End Bits:   [0x000002c5a5950000, 0x000002c5a96c0000)

Polling page: 0x000002c590350000

CodeCache: size=245760Kb used=14961Kb max_used=15302Kb free=230798Kb
 bounds [0x000002c591b50000, 0x000002c592ab0000, 0x000002c5a0b50000]
 total_blobs=4185 nmethods=3678 adapters=416
 compilation: enabled

Compilation events (10 events):
Event: 4.829 Thread 0x000002c5add58000 4153       1       org.hibernate.service.spi.ServiceBinding::getService (5 bytes)
Event: 4.829 Thread 0x000002c5add58000 nmethod 4153 0x000002c591ee46d0 code [0x000002c591ee4820, 0x000002c591ee4938]
Event: 4.830 Thread 0x000002c5add5c800 4154       3       java.lang.Class$MethodArray::compactAndTrim (69 bytes)
Event: 4.830 Thread 0x000002c5add5a800 4155 %     3       java.lang.Class$MethodArray::addIfNotPresent @ 2 (47 bytes)
Event: 4.830 Thread 0x000002c5add5c800 nmethod 4154 0x000002c591f2d810 code [0x000002c591f2d9c0, 0x000002c591f2e050]
Event: 4.831 Thread 0x000002c5add5a800 nmethod 4155% 0x000002c591f93d90 code [0x000002c591f93f20, 0x000002c591f94380]
Event: 4.833 Thread 0x000002c5acc51000 4156       4       java.net.URLClassLoader$1::run (5 bytes)
Event: 4.833 Thread 0x000002c5adcf8000 4157   !   4       java.net.URLClassLoader$1::run (81 bytes)
Event: 4.857 Thread 0x000002c5add59000 4158       3       org.hibernate.internal.util.collections.JoinedIterator::updateCurrentIterator (101 bytes)
Event: 4.857 Thread 0x000002c5add59000 nmethod 4158 0x000002c591f93450 code [0x000002c591f93600, 0x000002c591f93bb0]

GC Heap History (10 events):
Event: 1.672 GC heap before
{Heap before GC invocations=4 (full 1):
 PSYoungGen      total 73728K, used 7013K [0x000000076e180000, 0x0000000777180000, 0x00000007c0000000)
  eden space 63488K, 0% used [0x000000076e180000,0x000000076e180000,0x0000000771f80000)
  from space 10240K, 68% used [0x0000000771f80000,0x00000007726596b8,0x0000000772980000)
  to   space 10240K, 0% used [0x0000000776780000,0x0000000776780000,0x0000000777180000)
 ParOldGen       total 167936K, used 32K [0x00000006ca400000, 0x00000006d4800000, 0x000000076e180000)
  object space 167936K, 0% used [0x00000006ca400000,0x00000006ca408000,0x00000006d4800000)
 Metaspace       used 20181K, capacity 21104K, committed 21248K, reserved 1067008K
  class space    used 2517K, capacity 2711K, committed 2816K, reserved 1048576K
Event: 1.688 GC heap after
Heap after GC invocations=4 (full 1):
 PSYoungGen      total 73728K, used 0K [0x000000076e180000, 0x0000000777180000, 0x00000007c0000000)
  eden space 63488K, 0% used [0x000000076e180000,0x000000076e180000,0x0000000771f80000)
  from space 10240K, 0% used [0x0000000771f80000,0x0000000771f80000,0x0000000772980000)
  to   space 10240K, 0% used [0x0000000776780000,0x0000000776780000,0x0000000777180000)
 ParOldGen       total 101376K, used 6686K [0x00000006ca400000, 0x00000006d0700000, 0x000000076e180000)
  object space 101376K, 6% used [0x00000006ca400000,0x00000006caa87ba0,0x00000006d0700000)
 Metaspace       used 20181K, capacity 21104K, committed 21248K, reserved 1067008K
  class space    used 2517K, capacity 2711K, committed 2816K, reserved 1048576K
}
Event: 2.108 GC heap before
{Heap before GC invocations=5 (full 1):
 PSYoungGen      total 73728K, used 63488K [0x000000076e180000, 0x0000000777180000, 0x00000007c0000000)
  eden space 63488K, 100% used [0x000000076e180000,0x0000000771f80000,0x0000000771f80000)
  from space 10240K, 0% used [0x0000000771f80000,0x0000000771f80000,0x0000000772980000)
  to   space 10240K, 0% used [0x0000000776780000,0x0000000776780000,0x0000000777180000)
 ParOldGen       total 101376K, used 6686K [0x00000006ca400000, 0x00000006d0700000, 0x000000076e180000)
  object space 101376K, 6% used [0x00000006ca400000,0x00000006caa87ba0,0x00000006d0700000)
 Metaspace       used 22630K, capacity 23814K, committed 24192K, reserved 1071104K
  class space    used 2842K, capacity 3111K, committed 3200K, reserved 1048576K
Event: 2.111 GC heap after
Heap after GC invocations=5 (full 1):
 PSYoungGen      total 101888K, used 5761K [0x000000076e180000, 0x0000000776d80000, 0x00000007c0000000)
  eden space 95744K, 0% used [0x000000076e180000,0x000000076e180000,0x0000000773f00000)
  from space 6144K, 93% used [0x0000000776780000,0x0000000776d206a8,0x0000000776d80000)
  to   space 10240K, 0% used [0x0000000775980000,0x0000000775980000,0x0000000776380000)
 ParOldGen       total 101376K, used 6694K [0x00000006ca400000, 0x00000006d0700000, 0x000000076e180000)
  object space 101376K, 6% used [0x00000006ca400000,0x00000006caa89ba0,0x00000006d0700000)
 Metaspace       used 22630K, capacity 23814K, committed 24192K, reserved 1071104K
  class space    used 2842K, capacity 3111K, committed 3200K, reserved 1048576K
}
Event: 3.131 GC heap before
{Heap before GC invocations=6 (full 1):
 PSYoungGen      total 101888K, used 101505K [0x000000076e180000, 0x0000000776d80000, 0x00000007c0000000)
  eden space 95744K, 100% used [0x000000076e180000,0x0000000773f00000,0x0000000773f00000)
  from space 6144K, 93% used [0x0000000776780000,0x0000000776d206a8,0x0000000776d80000)
  to   space 10240K, 0% used [0x0000000775980000,0x0000000775980000,0x0000000776380000)
 ParOldGen       total 101376K, used 6694K [0x00000006ca400000, 0x00000006d0700000, 0x000000076e180000)
  object space 101376K, 6% used [0x00000006ca400000,0x00000006caa89ba0,0x00000006d0700000)
 Metaspace       used 28855K, capacity 30860K, committed 31104K, reserved 1077248K
  class space    used 3780K, capacity 4134K, committed 4224K, reserved 1048576K
Event: 3.138 GC heap after
Heap after GC invocations=6 (full 1):
 PSYoungGen      total 133120K, used 10210K [0x000000076e180000, 0x0000000778480000, 0x00000007c0000000)
  eden space 122880K, 0% used [0x000000076e180000,0x000000076e180000,0x0000000775980000)
  from space 10240K, 99% used [0x0000000775980000,0x0000000776378b48,0x0000000776380000)
  to   space 12288K, 0% used [0x0000000777880000,0x0000000777880000,0x0000000778480000)
 ParOldGen       total 101376K, used 7670K [0x00000006ca400000, 0x00000006d0700000, 0x000000076e180000)
  object space 101376K, 7% used [0x00000006ca400000,0x00000006cab7dad8,0x00000006d0700000)
 Metaspace       used 28855K, capacity 30860K, committed 31104K, reserved 1077248K
  class space    used 3780K, capacity 4134K, committed 4224K, reserved 1048576K
}
Event: 3.562 GC heap before
{Heap before GC invocations=7 (full 1):
 PSYoungGen      total 133120K, used 57385K [0x000000076e180000, 0x0000000778480000, 0x00000007c0000000)
  eden space 122880K, 38% used [0x000000076e180000,0x0000000770f91958,0x0000000775980000)
  from space 10240K, 99% used [0x0000000775980000,0x0000000776378b48,0x0000000776380000)
  to   space 12288K, 0% used [0x0000000777880000,0x0000000777880000,0x0000000778480000)
 ParOldGen       total 101376K, used 7670K [0x00000006ca400000, 0x00000006d0700000, 0x000000076e180000)
  object space 101376K, 7% used [0x00000006ca400000,0x00000006cab7dad8,0x00000006d0700000)
 Metaspace       used 33132K, capacity 35316K, committed 35416K, reserved 1079296K
  class space    used 4234K, capacity 4658K, committed 4736K, reserved 1048576K
Event: 3.569 GC heap after
Heap after GC invocations=7 (full 1):
 PSYoungGen      total 153088K, used 11352K [0x000000076e180000, 0x000000077b480000, 0x00000007c0000000)
  eden space 140800K, 0% used [0x000000076e180000,0x000000076e180000,0x0000000776b00000)
  from space 12288K, 92% used [0x0000000777880000,0x0000000778396080,0x0000000778480000)
  to   space 13824K, 0% used [0x0000000776b00000,0x0000000776b00000,0x0000000777880000)
 ParOldGen       total 101376K, used 7678K [0x00000006ca400000, 0x00000006d0700000, 0x000000076e180000)
  object space 101376K, 7% used [0x00000006ca400000,0x00000006cab7fad8,0x00000006d0700000)
 Metaspace       used 33132K, capacity 35316K, committed 35416K, reserved 1079296K
  class space    used 4234K, capacity 4658K, committed 4736K, reserved 1048576K
}
Event: 3.569 GC heap before
{Heap before GC invocations=8 (full 2):
 PSYoungGen      total 153088K, used 11352K [0x000000076e180000, 0x000000077b480000, 0x00000007c0000000)
  eden space 140800K, 0% used [0x000000076e180000,0x000000076e180000,0x0000000776b00000)
  from space 12288K, 92% used [0x0000000777880000,0x0000000778396080,0x0000000778480000)
  to   space 13824K, 0% used [0x0000000776b00000,0x0000000776b00000,0x0000000777880000)
 ParOldGen       total 101376K, used 7678K [0x00000006ca400000, 0x00000006d0700000, 0x000000076e180000)
  object space 101376K, 7% used [0x00000006ca400000,0x00000006cab7fad8,0x00000006d0700000)
 Metaspace       used 33132K, capacity 35316K, committed 35416K, reserved 1079296K
  class space    used 4234K, capacity 4658K, committed 4736K, reserved 1048576K
Event: 3.601 GC heap after
Heap after GC invocations=8 (full 2):
 PSYoungGen      total 153088K, used 0K [0x000000076e180000, 0x000000077b480000, 0x00000007c0000000)
  eden space 140800K, 0% used [0x000000076e180000,0x000000076e180000,0x0000000776b00000)
  from space 12288K, 0% used [0x0000000777880000,0x0000000777880000,0x0000000778480000)
  to   space 13824K, 0% used [0x0000000776b00000,0x0000000776b00000,0x0000000777880000)
 ParOldGen       total 101376K, used 15087K [0x00000006ca400000, 0x00000006d0700000, 0x000000076e180000)
  object space 101376K, 14% used [0x00000006ca400000,0x00000006cb2bbff0,0x00000006d0700000)
 Metaspace       used 33132K, capacity 35316K, committed 35416K, reserved 1079296K
  class space    used 4234K, capacity 4658K, committed 4736K, reserved 1048576K
}

Deoptimization events (10 events):
Event: 4.080 Thread 0x000002c5ae479800 Uncommon trap: reason=unstable_if action=reinterpret pc=0x000002c5922a8e28 method=java.net.URL.<init>(Ljava/net/URL;Ljava/lang/String;Ljava/net/URLStreamHandler;)V @ 57
Event: 4.080 Thread 0x000002c5ae479800 Uncommon trap: reason=unstable_if action=reinterpret pc=0x000002c592a0071c method=java.net.URLStreamHandler.parseURL(Ljava/net/URL;Ljava/lang/String;II)V @ 57
Event: 4.264 Thread 0x000002c5ae479800 Uncommon trap: reason=class_check action=maybe_recompile pc=0x000002c592a4c990 method=java.lang.ClassLoader.loadClass(Ljava/lang/String;Z)Ljava/lang/Class; @ 38
Event: 4.264 Thread 0x000002c5ae479800 Uncommon trap: reason=class_check action=maybe_recompile pc=0x000002c592a4c990 method=java.lang.ClassLoader.loadClass(Ljava/lang/String;Z)Ljava/lang/Class; @ 38
Event: 4.331 Thread 0x000002c5ae479800 Uncommon trap: reason=class_check action=maybe_recompile pc=0x000002c592a4c990 method=java.lang.ClassLoader.loadClass(Ljava/lang/String;Z)Ljava/lang/Class; @ 38
Event: 4.405 Thread 0x000002c5ae479800 Uncommon trap: reason=bimorphic action=maybe_recompile pc=0x000002c592a4d670 method=java.lang.ClassLoader.loadClass(Ljava/lang/String;Z)Ljava/lang/Class; @ 70
Event: 4.406 Thread 0x000002c5ae479800 Uncommon trap: reason=bimorphic action=maybe_recompile pc=0x000002c592a4d670 method=java.lang.ClassLoader.loadClass(Ljava/lang/String;Z)Ljava/lang/Class; @ 70
Event: 4.520 Thread 0x000002c5ae479800 Uncommon trap: reason=bimorphic action=maybe_recompile pc=0x000002c592a4d670 method=java.lang.ClassLoader.loadClass(Ljava/lang/String;Z)Ljava/lang/Class; @ 70
Event: 4.547 Thread 0x000002c5ae479800 Uncommon trap: reason=bimorphic action=maybe_recompile pc=0x000002c592a4d670 method=java.lang.ClassLoader.loadClass(Ljava/lang/String;Z)Ljava/lang/Class; @ 70
Event: 4.830 Thread 0x000002c5ae479800 Uncommon trap: reason=unstable_if action=reinterpret pc=0x000002c59290c244 method=java.lang.Class$MethodArray.addIfNotPresent(Ljava/lang/reflect/Method;)V @ 19

Classes redefined (0 events):
No events

Internal exceptions (10 events):
Event: 3.350 Thread 0x000002c5ae479800 Exception <a 'sun/nio/fs/WindowsException'> (0x000000076f5a00a8) thrown at [C:\jenkins\workspace\8-2-build-windows-x64-cygwin\jdk8u361\3183\hotspot\src\share\vm\prims\jni.cpp, line 710]
Event: 3.350 Thread 0x000002c5ae479800 Exception <a 'sun/nio/fs/WindowsException'> (0x000000076f5a0890) thrown at [C:\jenkins\workspace\8-2-build-windows-x64-cygwin\jdk8u361\3183\hotspot\src\share\vm\prims\jni.cpp, line 710]
Event: 3.350 Thread 0x000002c5ae479800 Exception <a 'sun/nio/fs/WindowsException'> (0x000000076f5a1840) thrown at [C:\jenkins\workspace\8-2-build-windows-x64-cygwin\jdk8u361\3183\hotspot\src\share\vm\prims\jni.cpp, line 710]
Event: 3.350 Thread 0x000002c5ae479800 Exception <a 'sun/nio/fs/WindowsException'> (0x000000076f5a1ee8) thrown at [C:\jenkins\workspace\8-2-build-windows-x64-cygwin\jdk8u361\3183\hotspot\src\share\vm\prims\jni.cpp, line 710]
Event: 3.446 Thread 0x000002c5ae479800 Exception <a 'java/io/FileNotFoundException'> (0x0000000770108070) thrown at [C:\jenkins\workspace\8-2-build-windows-x64-cygwin\jdk8u361\3183\hotspot\src\share\vm\prims\jni.cpp, line 710]
Event: 3.478 Thread 0x000002c5ae479800 Implicit null exception at 0x000002c591ffb0d6 to 0x000002c591ffb471
Event: 3.911 Thread 0x000002c5ae479800 Exception <a 'java/lang/NoSuchMethodError': java.lang.Object.lambda$comparingLong$6043328a$1(Ljava/util/function/ToLongFunction;Ljava/lang/Object;Ljava/lang/Object;)I> (0x000000076fe6b058) thrown at [C:\jenkins\workspace\8-2-build-windows-x64-cygwin\jdk8u
Event: 3.917 Thread 0x000002c5ae479800 Exception <a 'java/io/FileNotFoundException'> (0x000000076fee2cd0) thrown at [C:\jenkins\workspace\8-2-build-windows-x64-cygwin\jdk8u361\3183\hotspot\src\share\vm\prims\jni.cpp, line 710]
Event: 4.062 Thread 0x000002c5ae479800 Implicit null exception at 0x000002c59264376b to 0x000002c5926438d1
Event: 4.243 Thread 0x000002c5ae479800 Exception <a 'java/lang/ClassNotFoundException': java/lang/Module> (0x00000007716b6330) thrown at [C:\jenkins\workspace\8-2-build-windows-x64-cygwin\jdk8u361\3183\hotspot\src\share\vm\classfile\systemDictionary.cpp, line 212]

Events (10 events):
Event: 4.901 loading class org/hibernate/tuple/InMemoryValueGenerationStrategy
Event: 4.901 loading class org/hibernate/tuple/InMemoryValueGenerationStrategy done
Event: 4.901 loading class org/hibernate/tuple/InDatabaseValueGenerationStrategy
Event: 4.901 loading class org/hibernate/tuple/InDatabaseValueGenerationStrategy done
Event: 4.901 loading class org/hibernate/tuple/entity/EntityMetamodel$ValueGenerationStrategyException
Event: 4.901 loading class org/hibernate/tuple/entity/EntityMetamodel$ValueGenerationStrategyException done
Event: 4.902 loading class org/hibernate/tuple/entity/EntityMetamodel$NoInMemoryValueGenerationStrategy
Event: 4.902 loading class org/hibernate/tuple/entity/EntityMetamodel$NoInMemoryValueGenerationStrategy done
Event: 4.902 loading class org/hibernate/tuple/entity/EntityMetamodel$NoInDatabaseValueGenerationStrategy
Event: 4.902 loading class org/hibernate/tuple/entity/EntityMetamodel$NoInDatabaseValueGenerationStrategy done


Dynamic libraries:
0x00007ff6bd820000 - 0x00007ff6bd867000 	C:\Program Files\Java\jdk1.8.0_361\bin\java.exe
0x00007ffdef050000 - 0x00007ffdef248000 	C:\Windows\SYSTEM32\ntdll.dll
0x00007ffded6b0000 - 0x00007ffded76d000 	C:\Windows\System32\KERNEL32.DLL
0x00007ffdec980000 - 0x00007ffdecc76000 	C:\Windows\System32\KERNELBASE.dll
0x00007ffdee2b0000 - 0x00007ffdee35f000 	C:\Windows\System32\ADVAPI32.dll
0x00007ffded0b0000 - 0x00007ffded14e000 	C:\Windows\System32\msvcrt.dll
0x00007ffdeeb00000 - 0x00007ffdeeb9c000 	C:\Windows\System32\sechost.dll
0x00007ffdee360000 - 0x00007ffdee486000 	C:\Windows\System32\RPCRT4.dll
0x00007ffdeec00000 - 0x00007ffdeed9e000 	C:\Windows\System32\USER32.dll
0x00007ffdec950000 - 0x00007ffdec972000 	C:\Windows\System32\win32u.dll
0x00007ffdeead0000 - 0x00007ffdeeafc000 	C:\Windows\System32\GDI32.dll
0x00007ffdec730000 - 0x00007ffdec84a000 	C:\Windows\System32\gdi32full.dll
0x00007ffdeccb0000 - 0x00007ffdecd4d000 	C:\Windows\System32\msvcp_win.dll
0x00007ffdecfb0000 - 0x00007ffded0b0000 	C:\Windows\System32\ucrtbase.dll
0x00007ffdd8a80000 - 0x00007ffdd8d1a000 	C:\Windows\WinSxS\amd64_microsoft.windows.common-controls_6595b64144ccf1df_6.0.19041.3636_none_60b6a03d71f818d5\COMCTL32.dll
0x00007ffded670000 - 0x00007ffded6a0000 	C:\Windows\System32\IMM32.DLL
0x00007ffdd3b30000 - 0x00007ffdd3b45000 	C:\Program Files\Java\jdk1.8.0_361\jre\bin\vcruntime140.dll
0x00007ffd98600000 - 0x00007ffd9869b000 	C:\Program Files\Java\jdk1.8.0_361\jre\bin\msvcp140.dll
0x000000005e840000 - 0x000000005f0a3000 	C:\Program Files\Java\jdk1.8.0_361\jre\bin\server\jvm.dll
0x00007ffded6a0000 - 0x00007ffded6a8000 	C:\Windows\System32\PSAPI.DLL
0x00007ffdd10a0000 - 0x00007ffdd10a9000 	C:\Windows\SYSTEM32\WSOCK32.dll
0x00007ffde0cd0000 - 0x00007ffde0cf7000 	C:\Windows\SYSTEM32\WINMM.dll
0x00007ffde3870000 - 0x00007ffde387a000 	C:\Windows\SYSTEM32\VERSION.dll
0x00007ffdeee80000 - 0x00007ffdeeeeb000 	C:\Windows\System32\WS2_32.dll
0x00007ffdeaf40000 - 0x00007ffdeaf52000 	C:\Windows\SYSTEM32\kernel.appcore.dll
0x00007ffdd3b20000 - 0x00007ffdd3b30000 	C:\Program Files\Java\jdk1.8.0_361\jre\bin\verify.dll
0x00007ffdb3090000 - 0x00007ffdb30bb000 	C:\Program Files\Java\jdk1.8.0_361\jre\bin\java.dll
0x00007ffdaab80000 - 0x00007ffdaabb0000 	C:\Program Files\Java\jdk1.8.0_361\jre\bin\instrument.dll
0x00007ffdd3b00000 - 0x00007ffdd3b18000 	C:\Program Files\Java\jdk1.8.0_361\jre\bin\zip.dll
0x00007ffdedb50000 - 0x00007ffdee294000 	C:\Windows\System32\SHELL32.dll
0x00007ffdea790000 - 0x00007ffdeaf2b000 	C:\Windows\SYSTEM32\windows.storage.dll
0x00007ffded150000 - 0x00007ffded4a4000 	C:\Windows\System32\combase.dll
0x00007ffdec080000 - 0x00007ffdec0ad000 	C:\Windows\SYSTEM32\Wldp.dll
0x00007ffded510000 - 0x00007ffded5bd000 	C:\Windows\System32\SHCORE.dll
0x00007ffded7f0000 - 0x00007ffded845000 	C:\Windows\System32\shlwapi.dll
0x00007ffdec660000 - 0x00007ffdec685000 	C:\Windows\SYSTEM32\profapi.dll
0x00007ffda8340000 - 0x00007ffda835a000 	C:\Program Files\JetBrains\IntelliJ IDEA Community Edition 2022.2.1\bin\breakgen64.dll
0x00007ffdb66b0000 - 0x00007ffdb66cc000 	C:\Program Files\Java\jdk1.8.0_361\jre\bin\net.dll
0x00007ffdebda0000 - 0x00007ffdebe0a000 	C:\Windows\system32\mswsock.dll
0x00007ffdc4e10000 - 0x00007ffdc4e1d000 	C:\Program Files\Java\jdk1.8.0_361\jre\bin\management.dll
0x00007ffdd47b0000 - 0x00007ffdd47c7000 	C:\Windows\system32\napinsp.dll
0x00007ffdd4300000 - 0x00007ffdd431b000 	C:\Windows\system32\pnrpnsp.dll
0x00007ffde7300000 - 0x00007ffde7315000 	C:\Windows\system32\wshbth.dll
0x00007ffde7d70000 - 0x00007ffde7d8d000 	C:\Windows\system32\NLAapi.dll
0x00007ffdebab0000 - 0x00007ffdebaeb000 	C:\Windows\SYSTEM32\IPHLPAPI.DLL
0x00007ffdebaf0000 - 0x00007ffdebbba000 	C:\Windows\SYSTEM32\DNSAPI.dll
0x00007ffdeeda0000 - 0x00007ffdeeda8000 	C:\Windows\System32\NSI.dll
0x00007ffdd4250000 - 0x00007ffdd4262000 	C:\Windows\System32\winrnr.dll
0x0000000060ad0000 - 0x0000000060af6000 	C:\Program Files\Bonjour\mdnsNSP.dll
0x00007ffdd82e0000 - 0x00007ffdd82ea000 	C:\Windows\System32\rasadhlp.dll
0x00007ffddc670000 - 0x00007ffddc6f0000 	C:\Windows\System32\fwpuclnt.dll
0x00007ffdecc80000 - 0x00007ffdecca7000 	C:\Windows\System32\bcrypt.dll
0x00007ffdaf9f0000 - 0x00007ffdafa03000 	C:\Program Files\Java\jdk1.8.0_361\jre\bin\nio.dll
0x00007ffdebf80000 - 0x00007ffdebf98000 	C:\Windows\SYSTEM32\CRYPTSP.dll
0x00007ffdeb6f0000 - 0x00007ffdeb724000 	C:\Windows\system32\rsaenh.dll
0x00007ffdec570000 - 0x00007ffdec59e000 	C:\Windows\SYSTEM32\USERENV.dll
0x00007ffdec850000 - 0x00007ffdec8d2000 	C:\Windows\System32\bcryptprimitives.dll
0x00007ffdebf40000 - 0x00007ffdebf4c000 	C:\Windows\SYSTEM32\CRYPTBASE.dll
0x00007ffde4a70000 - 0x00007ffde4a87000 	C:\Windows\SYSTEM32\dhcpcsvc6.DLL
0x00007ffde5080000 - 0x00007ffde509d000 	C:\Windows\SYSTEM32\dhcpcsvc.DLL
0x00007ffda6b50000 - 0x00007ffda6b74000 	C:\Program Files\Java\jdk1.8.0_361\jre\bin\sunec.dll
0x00007ffdc4610000 - 0x00007ffdc461d000 	C:\Program Files\Java\jdk1.8.0_361\jre\bin\sunmscapi.dll
0x00007ffdecda0000 - 0x00007ffdecefd000 	C:\Windows\System32\CRYPT32.dll
0x00007ffdec110000 - 0x00007ffdec137000 	C:\Windows\SYSTEM32\ncrypt.dll
0x00007ffdec0d0000 - 0x00007ffdec10b000 	C:\Windows\SYSTEM32\NTASN1.dll
0x00007ffdea590000 - 0x00007ffdea774000 	C:\Windows\SYSTEM32\dbghelp.dll

VM Arguments:
jvm_args: -javaagent:C:\Program Files\JetBrains\IntelliJ IDEA Community Edition 2022.2.1\lib\idea_rt.jar=53294:C:\Program Files\JetBrains\IntelliJ IDEA Community Edition 2022.2.1\bin -Dfile.encoding=UTF-8 
java_command: com.example.demo.DemoApplication
java_class_path (initial): C:\Program Files\Java\jdk1.8.0_361\jre\lib\charsets.jar;C:\Program Files\Java\jdk1.8.0_361\jre\lib\deploy.jar;C:\Program Files\Java\jdk1.8.0_361\jre\lib\ext\access-bridge-64.jar;C:\Program Files\Java\jdk1.8.0_361\jre\lib\ext\cldrdata.jar;C:\Program Files\Java\jdk1.8.0_361\jre\lib\ext\dnsns.jar;C:\Program Files\Java\jdk1.8.0_361\jre\lib\ext\jaccess.jar;C:\Program Files\Java\jdk1.8.0_361\jre\lib\ext\jfxrt.jar;C:\Program Files\Java\jdk1.8.0_361\jre\lib\ext\localedata.jar;C:\Program Files\Java\jdk1.8.0_361\jre\lib\ext\nashorn.jar;C:\Program Files\Java\jdk1.8.0_361\jre\lib\ext\sunec.jar;C:\Program Files\Java\jdk1.8.0_361\jre\lib\ext\sunjce_provider.jar;C:\Program Files\Java\jdk1.8.0_361\jre\lib\ext\sunmscapi.jar;C:\Program Files\Java\jdk1.8.0_361\jre\lib\ext\sunpkcs11.jar;C:\Program Files\Java\jdk1.8.0_361\jre\lib\ext\zipfs.jar;C:\Program Files\Java\jdk1.8.0_361\jre\lib\javaws.jar;C:\Program Files\Java\jdk1.8.0_361\jre\lib\jce.jar;C:\Program Files\Java\jdk1.8.0_361\jre\lib\jfr.jar;C:\Program Files\Java\jdk1.8.0_361\jre\lib\jfxswt.jar;C:\Program Files\Java\jdk1.8.0_361\jre\lib\jsse.jar;C:\Program Files\Java\jdk1.8.0_361\jre\lib\management-agent.jar;C:\Program Files\Java\jdk1.8.0_361\jre\lib\plugin.jar;C:\Program Files\Java\jdk1.8.0_361\jre\lib\resources.jar;C:\Program Files\Java\jdk1.8.0_361\jre\lib\rt.jar;C:\Users\Acer\Downloads\demoito\demo\target\classes;C:\Users\Acer\.m2\repository\org\springframework\boot\spring-boot-starter-data-jpa\2.7.17\spring-boot-starter-data-jpa-2.7.17.jar;C:\Users\Acer\.m2\repository\org\springframework\boot\spring-boot-starter-aop\2.7.17\spring-boot-starter-aop-2.7.17.jar;C:\Users\Acer\.m2\repository\org\aspectj\aspectjweaver\1.9.7\aspectjweaver-1.9.7.jar;C:\Users\Acer\.m2\repository\org\springframework\boot\spring-boot-starter-jdbc\2.7.17\spring-boot-starter-jdbc-2.7.17.jar;C:\Users\Acer\.m2\repository\com\zaxxer\HikariCP\4.0.3\HikariCP-4.0.3.jar;C:\Users\Acer\.m2\repository\org\springframework\spring-jdbc\5.3.3
Launcher Type: SUN_STANDARD

Environment Variables:
JAVA_HOME=C:\Program Files\Java\jdk-11.0.15
USERNAME=Acer
OS=Windows_NT
PROCESSOR_IDENTIFIER=AMD64 Family 25 Model 80 Stepping 0, AuthenticAMD



---------------  S Y S T E M  ---------------

OS: Windows 10 , 64 bit Build 19041 (10.0.19041.3636)

CPU:total 16 (initial active 16) (16 cores per cpu, 1 threads per core) family 25 model 80 stepping 0, cmov, cx8, fxsr, mmx, sse, sse2, sse3, ssse3, sse4.1, sse4.2, popcnt, avx, avx2, aes, clmul, erms, mmxext, 3dnowpref, lzcnt, sse4a, tsc, tscinvbit, tscinv, bmi1

Memory: 4k page, physical 16101436k(495980k free), swap 36277968k(5588k free)

vm_info: Java HotSpot(TM) 64-Bit Server VM (25.361-b09) for windows-amd64 JRE (1.8.0_361-b09), built on Jan  9 2023 08:38:53 by "java_re" with MS VC++ 15.9 (VS2017)

time: Fri Dec  8 22:49:40 2023
timezone: Hora est. Pacífico, Sudamérica
elapsed time: 4.937458 seconds (0d 0h 0m 4s)

